<?xml version="1.0" encoding="UTF-8"?>
<testng-results skipped="0" failed="0" total="1" passed="1">
  <reporter-output>
  </reporter-output>
  <suite name="unne.AppTest" duration-ms="32" started-at="2019-08-30T11:42:50Z" finished-at="2019-08-30T11:42:50Z">
    <groups>
    </groups>
    <test name="Command line test dad3fbdd-2dfa-472e-9bd8-596aad6a595e" duration-ms="32" started-at="2019-08-30T11:42:50Z" finished-at="2019-08-30T11:42:50Z">
      <class name="unne.AppTest">
        <test-method status="PASS" signature="shouldAnswerWithTrue()[pri:0, instance:shouldAnswerWithTrue(unne.AppTest)]" name="shouldAnswerWithTrue" duration-ms="0" started-at="2019-08-30T19:42:50Z" finished-at="2019-08-30T19:42:50Z">
          <reporter-output>
          </reporter-output>
        </test-method> <!-- shouldAnswerWithTrue -->
      </class> <!-- unne.AppTest -->
    </test> <!-- Command line test dad3fbdd-2dfa-472e-9bd8-596aad6a595e -->
  </suite> <!-- unne.AppTest -->
</testng-results>
