<?xml version="1.0" encoding="UTF-8"?>
<!-- Generated by org.testng.reporters.JUnitXMLReporter -->
<testsuite hostname="YJFFCPGQPL359JC" name="Command line test 17d91705-f9a5-4a91-8d99-4f1e5919eb52" tests="3" failures="0" timestamp="30 Aug 2019 11:36:58 GMT" time="86.179" errors="0">
  <testcase name="f" time="16.486" classname="unne.NewTest"/>
  <testcase name="f" time="5.516" classname="unne.NewTest"/>
  <testcase name="f" time="5.511" classname="unne.NewTest"/>
</testsuite> <!-- Command line test 17d91705-f9a5-4a91-8d99-4f1e5919eb52 -->
