<?xml version="1.0" encoding="UTF-8"?>
<!-- Generated by org.testng.reporters.JUnitXMLReporter -->
<testsuite hostname="YJFFCPGQPL359JC" name="Command line test 292dc2d5-fe32-40bc-a05f-e620edd896eb" tests="3" failures="0" timestamp="30 Aug 2019 09:00:04 GMT" time="99.891" errors="0">
  <testcase name="f" time="12.218" classname="unne.NewTest"/>
  <testcase name="f" time="5.148" classname="unne.NewTest"/>
  <testcase name="f" time="5.29" classname="unne.NewTest"/>
</testsuite> <!-- Command line test 292dc2d5-fe32-40bc-a05f-e620edd896eb -->
