<?xml version="1.0" encoding="UTF-8"?>
<!-- Generated by org.testng.reporters.JUnitXMLReporter -->
<testsuite hostname="YJFFCPGQPL359JC" name="Command line test 17e528b5-f04c-4b58-b74f-dad2e74f1676" tests="3" failures="0" timestamp="30 Aug 2019 11:42:50 GMT" time="123.17" errors="0">
  <testcase name="f" time="6.973" classname="unne.NewTest"/>
  <testcase name="f" time="5.615" classname="unne.NewTest"/>
  <testcase name="f" time="5.904" classname="unne.NewTest"/>
</testsuite> <!-- Command line test 17e528b5-f04c-4b58-b74f-dad2e74f1676 -->
