<?xml version="1.0" encoding="UTF-8"?>
<testng-results skipped="0" failed="0" total="1" passed="1">
  <reporter-output>
  </reporter-output>
  <suite name="Suite" duration-ms="32" started-at="2019-08-30T12:03:33Z" finished-at="2019-08-30T12:03:33Z">
    <groups>
    </groups>
    <test name="Test" duration-ms="32" started-at="2019-08-30T12:03:33Z" finished-at="2019-08-30T12:03:33Z">
      <class name="unne.New2Test">
        <test-method status="PASS" signature="beforeMethod()[pri:0, instance:unne.New2Test@1dd3812]" name="beforeMethod" is-config="true" duration-ms="16" started-at="2019-08-30T20:03:33Z" finished-at="2019-08-30T20:03:33Z">
          <reporter-output>
          </reporter-output>
        </test-method> <!-- beforeMethod -->
        <test-method status="PASS" signature="afterMethod()[pri:0, instance:unne.New2Test@1dd3812]" name="afterMethod" is-config="true" duration-ms="0" started-at="2019-08-30T20:03:33Z" finished-at="2019-08-30T20:03:33Z">
          <reporter-output>
          </reporter-output>
        </test-method> <!-- afterMethod -->
        <test-method status="PASS" signature="f()[pri:0, instance:unne.New2Test@1dd3812]" name="f" duration-ms="0" started-at="2019-08-30T20:03:33Z" finished-at="2019-08-30T20:03:33Z">
          <reporter-output>
          </reporter-output>
        </test-method> <!-- f -->
      </class> <!-- unne.New2Test -->
    </test> <!-- Test -->
  </suite> <!-- Suite -->
</testng-results>
